<?xml version="1.0" encoding="UTF-8"?><testsuite errors="0" failures="1" name="Phone" skipped="0" tests="2" time="20.26" timestamp="2022-05-14 02:10:02"><testcase name="Verify that Galaxy S6 display correct in phone category"/><testcase name="Verify that GalaxyS6 displays correct in detail page when user click on name"><failure message="expected:&lt;Samsung galaxy s[6]&gt; but was:&lt;Samsung galaxy s[5]&gt;" type="java.lang.AssertionError">expected:&lt;Samsung galaxy s[6]&gt; but was:&lt;Samsung galaxy s[5]&gt;</failure><system-err>expected:&lt;Samsung galaxy s[6]&gt; but was:&lt;Samsung galaxy s[5]&gt;&#13;
thucydides.cucumber.steps.PhoneSteps.theWebsiteNavigateToGalaxyDetailPageCorrectWithAnd(PhoneSteps.java:31)&#13;
✽.The website navigate to galaxy detail page correct with "Samsung galaxy s5" and "The Samsung Galaxy S6 is powered by 1.5GHz octa-core Samsung Exynos 7420 processor and it comes with 3GB of RAM. The phone packs 32GB of internal storage cannot be expanded."(src/test/resources/features/Phone.feature:16)&#13;
</system-err></testcase></testsuite>