<?xml version="1.0" encoding="UTF-8"?><testsuite errors="0" failures="0" name="Sign up form" skipped="0" tests="10" time="141.03" timestamp="2022-05-14 06:47:37"><testcase name="Verify that the Sign up popup appears when user clicks the Sign up link"/><testcase name="Verify that user is able to sign up when entering valid inputs in all fields"/><testcase name="Verify that the error message is shown when user leaves the full name blank"/><testcase name="Verify that the error message is shown when user enters data less than 6 characters"/><testcase name="Verify that the error message is shown when user enters only spaces in the Full name field"/><testcase name="Verify that the error message is shown when user enters email in the wrong format"/><testcase name="Verify that the error message is shown when user leaves the email field blank"/><testcase name="Verify that the error message is shown when user enters only spaces in the email field"/><testcase name="Verify that the error message is shown when user leaves phone number field blank"/><testcase name="Verify that the error message is shown when user leaves password field blank"/></testsuite>