<?xml version="1.0" encoding="UTF-8"?><testsuite errors="0" failures="0" name="Login page" skipped="0" tests="9" time="113.66" timestamp="2022-05-15 08:53:11"><testcase name="Verify that user is able to login when entering valid inputs"/><testcase name="Verify that the error message is shown when user enters incorrect password"/><testcase name="Verify that the error message is shown when user leaves the password blank"/><testcase name="Verify that the error message is shown when user enters spaces in the password field"/><testcase name="Verify that the error message is shown when user enters password less than 6 characters"/><testcase name="Verify that the error message is shown when user leaves the email field blank"/><testcase name="Verify that the error message is shown when user enters wrong format email"/><testcase name="Verify that the error message is shown when user enters spaces in the Email field"/><testcase name="Verify that the error message is shown when user enters invalid email"/></testsuite>