<?xml version="1.0" encoding="UTF-8"?><testsuite errors="0" failures="1" name="Add to cart" skipped="0" tests="7" time="78.54" timestamp="2022-05-15 09:00:20"><testcase name="Verify that user is able to add products to cart when clicking the 'Thêm vào giỏ'button"/><testcase name="Verify that product price is displayed correctly in the Cart"/><testcase name="Verify that product name is displayed correctly in the cart"/><testcase name="Verify that user is able to select the amount of product in the cart"/><testcase name="Verify that product price must be greater than 0 in cart"><failure type="java.lang.AssertionError"/><system-err>null&#13;
thucydides.cucumber.steps.AddToCartSteps.thePriceMustBeAPositiveNumber(AddToCartSteps.java:109)&#13;
✽.The price must be a positive number(src/test/resources/features/addtocart.feature:32)&#13;
</system-err></testcase><testcase name="Verify that product is able to deleted when user clicks the Delete icon"/><testcase name="Verify that total amount of the order is displayed correctly with product price of chosen products"/></testsuite>