<?xml version="1.0" encoding="UTF-8"?><testsuite errors="0" failures="0" name="Order Page" skipped="0" tests="7" time="135.25" timestamp="2022-05-16 11:47:12"><testcase name="Verify that the 'Đặt hàng' pop up appears when user clicks 'Đặt hàng' button"/><testcase name="Verify that the information popup appears when user orders successfully"/><testcase name="Verify that the error message is shown when user leaves password blank"/><testcase name="Verify that the error message is shown when user enters invalid password"/><testcase name="Verify that the total price in cart is equal to total price in order"/><testcase name="Verify that the error message is shown when user leaves 'Họ và tên' blank"/><testcase name="Verify that the error message is shown when user enters address less than 15 characters"/></testsuite>